<?xml version="1.0" encoding="utf-8"?>
<Events>
  <Event xmlns="http://schemas.microsoft.com/win/2004/08/events/event"><System><Provider Name="Microsoft-Windows-Security-Auditing" Guid="{54849625-5478-4994-A5BA-3E3B0328C30D}" /><EventID>4624</EventID><Version>2</Version><Level>0</Level><Task>12544</Task><Opcode>0</Opcode><Keywords>0x8020000000000000</Keywords><TimeCreated SystemTime="2025-07-17T08:36:48.072601100Z" /><EventRecordID>529720</EventRecordID><Correlation /><Execution ProcessID="588" ThreadID="636" /><Channel>Security</Channel><Computer>ar-win-dc.attackrange.local</Computer><Security /></System><EventData><Data Name="SubjectUserSid">NT AUTHORITY\SYSTEM</Data><Data Name="SubjectUserName">AR-WIN-DC$</Data><Data Name="SubjectDomainName">ATTACKRANGE</Data><Data Name="SubjectLogonId">0x3e7</Data><Data Name="TargetUserSid">ATTACKRANGE\Administrator</Data><Data Name="TargetUserName">Administrator</Data><Data Name="TargetDomainName">ATTACKRANGE</Data><Data Name="TargetLogonId">0x441c0</Data><Data Name="LogonType">10</Data><Data Name="LogonProcessName">User32 </Data><Data Name="AuthenticationPackageName">Negotiate</Data><Data Name="WorkstationName">AR-WIN-DC</Data><Data Name="LogonGuid">{39590160-7D45-79EA-77CA-13F207A7AC86}</Data><Data Name="TransmittedServices">-</Data><Data Name="LmPackageName">-</Data><Data Name="KeyLength">0</Data><Data Name="ProcessId">0x3b4</Data><Data Name="ProcessName">C:\Windows\System32\svchost.exe</Data><Data Name="IpAddress">10.0.1.12</Data><Data Name="IpPort">0</Data><Data Name="ImpersonationLevel">%%1833</Data><Data Name="RestrictedAdminMode">%%1843</Data><Data Name="TargetOutboundUserName">-</Data><Data Name="TargetOutboundDomainName">-</Data><Data Name="VirtualAccount">%%1843</Data><Data Name="TargetLinkedLogonId">0x0</Data><Data Name="ElevatedToken">%%1842</Data></EventData></Event>
  <Event xmlns="http://schemas.microsoft.com/win/2004/08/events/event"><System><Provider Name="Microsoft-Windows-Security-Auditing" Guid="{54849625-5478-4994-A5BA-3E3B0328C30D}" /><EventID>4624</EventID><Version>2</Version><Level>0</Level><Task>12544</Task><Opcode>0</Opcode><Keywords>0x8020000000000000</Keywords><TimeCreated SystemTime="2025-07-17T08:37:06.255152000Z" /><EventRecordID>529848</EventRecordID><Correlation ActivityID="{9A756B4E-F6F5-0000-5A6B-759AF5F6DB01}" /><Execution ProcessID="588" ThreadID="628" /><Channel>Security</Channel><Computer>ar-win-dc.attackrange.local</Computer><Security /></System><EventData><Data Name="SubjectUserSid">NT AUTHORITY\SYSTEM</Data><Data Name="SubjectUserName">AR-WIN-DC$</Data><Data Name="SubjectDomainName">ATTACKRANGE</Data><Data Name="SubjectLogonId">0x3e7</Data><Data Name="TargetUserSid">ATTACKRANGE\Administrator</Data><Data Name="TargetUserName">Administrator</Data><Data Name="TargetDomainName">ATTACKRANGE</Data><Data Name="TargetLogonId">0x97363</Data><Data Name="LogonType">10</Data><Data Name="LogonProcessName">User32 </Data><Data Name="AuthenticationPackageName">Negotiate</Data><Data Name="WorkstationName">AR-WIN-DC</Data><Data Name="LogonGuid">{59AEBD02-E43C-B541-FB73-D4827D254C8B}</Data><Data Name="TransmittedServices">-</Data><Data Name="LmPackageName">-</Data><Data Name="KeyLength">0</Data><Data Name="ProcessId">0x3b4</Data><Data Name="ProcessName">C:\Windows\System32\svchost.exe</Data><Data Name="IpAddress">10.0.1.12</Data><Data Name="IpPort">0</Data><Data Name="ImpersonationLevel">%%1833</Data><Data Name="RestrictedAdminMode">%%1843</Data><Data Name="TargetOutboundUserName">-</Data><Data Name="TargetOutboundDomainName">-</Data><Data Name="VirtualAccount">%%1843</Data><Data Name="TargetLinkedLogonId">0x0</Data><Data Name="ElevatedToken">%%1842</Data></EventData></Event>
  <Event xmlns="http://schemas.microsoft.com/win/2004/08/events/event"><System><Provider Name="Microsoft-Windows-Security-Auditing" Guid="{54849625-5478-4994-A5BA-3E3B0328C30D}" /><EventID>4624</EventID><Version>2</Version><Level>0</Level><Task>12544</Task><Opcode>0</Opcode><Keywords>0x8020000000000000</Keywords><TimeCreated SystemTime="2025-07-17T08:37:12.887285200Z" /><EventRecordID>479212</EventRecordID><Correlation ActivityID="{99DA5CB8-F6F5-0000-C25C-DA99F5F6DB01}" /><Execution ProcessID="592" ThreadID="680" /><Channel>Security</Channel><Computer>ar-win-dc-2</Computer><Security /></System><EventData><Data Name="SubjectUserSid">NT AUTHORITY\SYSTEM</Data><Data Name="SubjectUserName">AR-WIN-DC-2$</Data><Data Name="SubjectDomainName">WORKGROUP</Data><Data Name="SubjectLogonId">0x3e7</Data><Data Name="TargetUserSid">AR-WIN-DC-2\Administrator</Data><Data Name="TargetUserName">Administrator</Data><Data Name="TargetDomainName">AR-WIN-DC-2</Data><Data Name="TargetLogonId">0x45937</Data><Data Name="LogonType">10</Data><Data Name="LogonProcessName">User32 </Data><Data Name="AuthenticationPackageName">Negotiate</Data><Data Name="WorkstationName">AR-WIN-DC-2</Data><Data Name="LogonGuid">{00000000-0000-0000-0000-000000000000}</Data><Data Name="TransmittedServices">-</Data><Data Name="LmPackageName">-</Data><Data Name="KeyLength">0</Data><Data Name="ProcessId">0x358</Data><Data Name="ProcessName">C:\Windows\System32\svchost.exe</Data><Data Name="IpAddress">10.0.1.12</Data><Data Name="IpPort">0</Data><Data Name="ImpersonationLevel">%%1833</Data><Data Name="RestrictedAdminMode">%%1843</Data><Data Name="TargetOutboundUserName">-</Data><Data Name="TargetOutboundDomainName">-</Data><Data Name="VirtualAccount">%%1843</Data><Data Name="TargetLinkedLogonId">0x0</Data><Data Name="ElevatedToken">%%1842</Data></EventData></Event>
  <Event xmlns="http://schemas.microsoft.com/win/2004/08/events/event"><System><Provider Name="Microsoft-Windows-Security-Auditing" Guid="{54849625-5478-4994-A5BA-3E3B0328C30D}" /><EventID>4624</EventID><Version>2</Version><Level>0</Level><Task>12544</Task><Opcode>0</Opcode><Keywords>0x8020000000000000</Keywords><TimeCreated SystemTime="2025-07-17T08:37:19.101451200Z" /><EventRecordID>529878</EventRecordID><Correlation ActivityID="{9A756B4E-F6F5-0000-5A6B-759AF5F6DB01}" /><Execution ProcessID="588" ThreadID="692" /><Channel>Security</Channel><Computer>ar-win-dc.attackrange.local</Computer><Security /></System><EventData><Data Name="SubjectUserSid">NT AUTHORITY\SYSTEM</Data><Data Name="SubjectUserName">AR-WIN-DC$</Data><Data Name="SubjectDomainName">ATTACKRANGE</Data><Data Name="SubjectLogonId">0x3e7</Data><Data Name="TargetUserSid">ATTACKRANGE\Administrator</Data><Data Name="TargetUserName">Administrator</Data><Data Name="TargetDomainName">ATTACKRANGE</Data><Data Name="TargetLogonId">0xae63c</Data><Data Name="LogonType">10</Data><Data Name="LogonProcessName">User32 </Data><Data Name="AuthenticationPackageName">Negotiate</Data><Data Name="WorkstationName">AR-WIN-DC</Data><Data Name="LogonGuid">{BFB9E3F5-6525-F3A6-D46B-A776C79ED9A8}</Data><Data Name="TransmittedServices">-</Data><Data Name="LmPackageName">-</Data><Data Name="KeyLength">0</Data><Data Name="ProcessId">0x3b4</Data><Data Name="ProcessName">C:\Windows\System32\svchost.exe</Data><Data Name="IpAddress">10.0.1.12</Data><Data Name="IpPort">0</Data><Data Name="ImpersonationLevel">%%1833</Data><Data Name="RestrictedAdminMode">%%1843</Data><Data Name="TargetOutboundUserName">-</Data><Data Name="TargetOutboundDomainName">-</Data><Data Name="VirtualAccount">%%1843</Data><Data Name="TargetLinkedLogonId">0x0</Data><Data Name="ElevatedToken">%%1842</Data></EventData></Event>
</Events>
